2024-12-09 01:26:32 - Error starting root DNS server: [WinError 10048] Only one usage of each socket address (protocol/network address/port) is normally permitted
2024-12-09 01:27:40 - Root DNS server started on 127.0.0.1:53
2024-12-09 01:27:50 - Request timeout. No data received from the client.
2024-12-09 01:28:00 - Request timeout. No data received from the client.
2024-12-09 01:28:01 - Second-level DNS server started on 127.0.0.1:5354
2024-12-09 01:28:10 - Request timeout. No data received from the client.
2024-12-09 01:28:20 - Request timeout. No data received from the client.
2024-12-09 01:28:24 - Third-level DNS server started on 127.0.0.1:5355
2024-12-09 01:28:30 - Request timeout. No data received from the client.
2024-12-09 01:28:40 - Request timeout. No data received from the client.
2024-12-09 01:28:50 - Request timeout. No data received from the client.
2024-12-09 01:29:00 - Request timeout. No data received from the client.
2024-12-09 01:29:10 - Request timeout. No data received from the client.
2024-12-09 01:29:20 - Request timeout. No data received from the client.
2024-12-09 01:29:30 - Request timeout. No data received from the client.
2024-12-09 01:29:40 - Request timeout. No data received from the client.
2024-12-09 01:29:50 - Request timeout. No data received from the client.
2024-12-09 01:30:00 - Request timeout. No data received from the client.
2024-12-09 01:30:10 - Request timeout. No data received from the client.
2024-12-09 01:30:20 - Request timeout. No data received from the client.
2024-12-09 01:30:30 - Request timeout. No data received from the client.
2024-12-09 01:30:40 - Request timeout. No data received from the client.
2024-12-09 01:30:50 - Request timeout. No data received from the client.
2024-12-09 01:31:00 - Request timeout. No data received from the client.
2024-12-09 01:31:10 - Request timeout. No data received from the client.
2024-12-09 01:31:20 - Request timeout. No data received from the client.
2024-12-09 01:31:30 - Request timeout. No data received from the client.
2024-12-09 01:31:40 - Request timeout. No data received from the client.
2024-12-09 01:31:43 - Root server received query: 1.0.0.127.in-addr.arpa, type: 12
2024-12-09 01:31:43 - TLD arpa not found in root DNS database. Returning NXDOMAIN.
2024-12-09 01:31:43 - Root server received query: google.com.Home, type: 1
2024-12-09 01:31:43 - TLD Home not found in root DNS database. Returning NXDOMAIN.
2024-12-09 01:31:43 - Root server received query: google.com.Home, type: 28
2024-12-09 01:31:43 - TLD Home not found in root DNS database. Returning NXDOMAIN.
2024-12-09 01:31:43 - Root server received query: google.com, type: 1
2024-12-09 01:31:43 - Forwarding query to second-level server: 127.0.0.1:5351
2024-12-09 01:31:43 - Error while forwarding request to second-level server: [WinError 10054] An existing connection was forcibly closed by the remote host
2024-12-09 01:31:45 - Root server received query: google.com, type: 28
2024-12-09 01:31:45 - Forwarding query to second-level server: 127.0.0.1:5351
2024-12-09 01:31:45 - Error while forwarding request to second-level server: [WinError 10054] An existing connection was forcibly closed by the remote host
2024-12-09 01:31:55 - Request timeout. No data received from the client.
2024-12-09 01:32:05 - Request timeout. No data received from the client.
2024-12-09 01:32:15 - Request timeout. No data received from the client.
2024-12-09 01:32:25 - Request timeout. No data received from the client.
2024-12-09 01:32:35 - Request timeout. No data received from the client.
2024-12-09 01:32:45 - Request timeout. No data received from the client.
2024-12-09 01:32:55 - Request timeout. No data received from the client.
2024-12-09 01:33:05 - Request timeout. No data received from the client.
2024-12-09 01:33:15 - Request timeout. No data received from the client.
2024-12-09 01:33:25 - Request timeout. No data received from the client.
2024-12-09 01:33:35 - Request timeout. No data received from the client.
2024-12-09 01:33:45 - Request timeout. No data received from the client.
2024-12-09 01:33:55 - Request timeout. No data received from the client.
2024-12-09 01:34:05 - Request timeout. No data received from the client.
2024-12-09 01:34:15 - Request timeout. No data received from the client.
2024-12-09 01:34:25 - Request timeout. No data received from the client.
2024-12-09 01:34:35 - Request timeout. No data received from the client.
2024-12-09 01:34:45 - Request timeout. No data received from the client.
2024-12-09 01:34:55 - Request timeout. No data received from the client.
2024-12-09 01:35:05 - Request timeout. No data received from the client.
2024-12-09 01:35:15 - Request timeout. No data received from the client.
2024-12-09 01:35:25 - Request timeout. No data received from the client.
2024-12-09 01:35:35 - Request timeout. No data received from the client.
2024-12-09 01:35:45 - Request timeout. No data received from the client.
2024-12-09 01:35:55 - Request timeout. No data received from the client.
2024-12-09 01:36:05 - Request timeout. No data received from the client.
2024-12-09 01:36:15 - Request timeout. No data received from the client.
2024-12-09 01:36:25 - Request timeout. No data received from the client.
2024-12-09 01:36:35 - Request timeout. No data received from the client.
2024-12-09 01:36:45 - Request timeout. No data received from the client.
2024-12-09 01:36:55 - Request timeout. No data received from the client.
2024-12-09 01:37:05 - Request timeout. No data received from the client.
2024-12-09 01:37:15 - Request timeout. No data received from the client.
2024-12-09 01:37:25 - Request timeout. No data received from the client.
2024-12-09 01:37:35 - Request timeout. No data received from the client.
2024-12-09 01:37:45 - Request timeout. No data received from the client.
2024-12-09 01:37:55 - Request timeout. No data received from the client.
2024-12-09 01:38:05 - Request timeout. No data received from the client.
2024-12-09 01:38:15 - Request timeout. No data received from the client.
2024-12-09 01:38:25 - Request timeout. No data received from the client.
2024-12-09 01:38:35 - Request timeout. No data received from the client.
2024-12-09 01:38:45 - Request timeout. No data received from the client.
2024-12-09 01:38:55 - Request timeout. No data received from the client.
2024-12-09 01:39:05 - Request timeout. No data received from the client.
2024-12-09 01:39:15 - Request timeout. No data received from the client.
2024-12-09 01:39:25 - Request timeout. No data received from the client.
2024-12-09 01:39:35 - Request timeout. No data received from the client.
2024-12-09 01:39:45 - Request timeout. No data received from the client.
2024-12-09 01:39:55 - Request timeout. No data received from the client.
2024-12-09 01:40:05 - Request timeout. No data received from the client.
2024-12-09 01:40:15 - Request timeout. No data received from the client.
2024-12-09 01:40:25 - Request timeout. No data received from the client.
2024-12-09 01:40:35 - Request timeout. No data received from the client.
2024-12-09 01:40:45 - Request timeout. No data received from the client.
2024-12-09 01:40:55 - Request timeout. No data received from the client.
2024-12-09 01:41:05 - Request timeout. No data received from the client.
2024-12-09 01:41:15 - Request timeout. No data received from the client.
2024-12-09 01:41:25 - Request timeout. No data received from the client.
2024-12-09 01:41:35 - Request timeout. No data received from the client.
2024-12-09 01:41:45 - Request timeout. No data received from the client.
2024-12-09 01:41:55 - Request timeout. No data received from the client.
2024-12-09 01:42:05 - Request timeout. No data received from the client.
2024-12-09 01:42:15 - Request timeout. No data received from the client.
2024-12-09 01:42:25 - Request timeout. No data received from the client.
2024-12-09 01:42:35 - Request timeout. No data received from the client.
2024-12-09 01:42:45 - Request timeout. No data received from the client.
2024-12-09 01:42:55 - Request timeout. No data received from the client.
2024-12-09 01:43:05 - Request timeout. No data received from the client.
2024-12-09 01:43:15 - Request timeout. No data received from the client.
2024-12-09 01:43:25 - Request timeout. No data received from the client.
2024-12-09 01:43:35 - Request timeout. No data received from the client.
2024-12-09 01:43:45 - Request timeout. No data received from the client.
2024-12-09 01:43:55 - Request timeout. No data received from the client.
2024-12-09 01:44:05 - Request timeout. No data received from the client.
2024-12-09 01:44:15 - Request timeout. No data received from the client.
2024-12-09 01:44:25 - Request timeout. No data received from the client.
2024-12-09 01:44:35 - Request timeout. No data received from the client.
2024-12-09 01:44:45 - Request timeout. No data received from the client.
2024-12-09 01:44:56 - Request timeout. No data received from the client.
2024-12-09 01:45:06 - Request timeout. No data received from the client.
2024-12-09 01:45:16 - Request timeout. No data received from the client.
2024-12-09 01:45:26 - Request timeout. No data received from the client.
2024-12-09 01:45:36 - Request timeout. No data received from the client.
2024-12-09 01:45:46 - Request timeout. No data received from the client.
2024-12-09 01:45:56 - Request timeout. No data received from the client.
2024-12-09 01:46:06 - Request timeout. No data received from the client.
2024-12-09 01:46:16 - Request timeout. No data received from the client.
2024-12-09 01:46:26 - Request timeout. No data received from the client.
2024-12-09 01:46:36 - Request timeout. No data received from the client.
2024-12-09 01:52:00 - Root DNS server started on 127.0.0.1:53
2024-12-09 01:52:10 - Second-level DNS server started on 127.0.0.1:5351
2024-12-09 01:52:24 - Third-level DNS server started on 127.0.0.1:5355
2024-12-09 01:53:02 - Root server received query: 1.0.0.127.in-addr.arpa, type: 12
2024-12-09 01:53:02 - TLD arpa not found in root DNS database. Returning NXDOMAIN.
2024-12-09 01:53:02 - Root server received query: google.com.Home, type: 1
2024-12-09 01:53:02 - TLD Home not found in root DNS database. Returning NXDOMAIN.
2024-12-09 01:53:02 - Root server received query: google.com.Home, type: 28
2024-12-09 01:53:02 - TLD Home not found in root DNS database. Returning NXDOMAIN.
2024-12-09 01:53:02 - Root server received query: google.com, type: 1
2024-12-09 01:53:02 - Forwarding query to second-level server: 127.0.0.1:5351
2024-12-09 01:53:02 - Second server received query: google.com, type: 1
2024-12-09 01:53:02 - Third server received query: google.com, type: 1
2024-12-09 01:53:02 - Forwarded response back to ('127.0.0.1', 65287)
2024-12-09 01:53:02 - Root server received query: google.com, type: 28
2024-12-09 01:53:02 - Forwarding query to second-level server: 127.0.0.1:5351
2024-12-09 01:53:02 - Third server received query: google.com, type: 28
2024-12-09 01:53:02 - Forwarded response back to ('127.0.0.1', 65290)
2024-12-09 02:00:10 - Root DNS server started on 127.0.0.1:53
2024-12-09 02:00:33 - Second-level DNS server started on 127.0.0.1:5351
2024-12-09 02:00:50 - Third-level DNS server started on 127.0.0.1:5355
2024-12-09 02:01:11 - Root server received query: 1.0.0.127.in-addr.arpa, type: 12
2024-12-09 02:01:11 - TLD arpa not found in root DNS database. Returning NXDOMAIN.
2024-12-09 02:01:11 - Root server received query: google.com.Home, type: 1
2024-12-09 02:01:11 - TLD Home not found in root DNS database. Returning NXDOMAIN.
2024-12-09 02:01:11 - Root server received query: google.com.Home, type: 28
2024-12-09 02:01:11 - TLD Home not found in root DNS database. Returning NXDOMAIN.
2024-12-09 02:01:11 - Root server received query: google.com, type: 1
2024-12-09 02:01:11 - Forwarding query to second-level server: 127.0.0.1:5351
2024-12-09 02:01:11 - Second server received query: google.com, type: 1
2024-12-09 02:01:11 - Third server received query: google.com, type: 1
2024-12-09 02:01:11 - Forwarded response back to ('127.0.0.1', 62211)
2024-12-09 02:01:11 - Root server received query: google.com, type: 28
2024-12-09 02:01:11 - Forwarding query to second-level server: 127.0.0.1:5351
2024-12-09 02:01:11 - Second server received query: google.com, type: 28
2024-12-09 02:01:11 - Third server received query: google.com, type: 28
2024-12-09 02:01:11 - Forwarded response back to ('127.0.0.1', 62214)
2024-12-09 02:01:33 - Root server received query: 1.0.0.127.in-addr.arpa, type: 12
2024-12-09 02:01:33 - TLD arpa not found in root DNS database. Returning NXDOMAIN.
2024-12-09 02:01:33 - Root server received query: google.com.Home, type: 1
2024-12-09 02:01:33 - TLD Home not found in root DNS database. Returning NXDOMAIN.
2024-12-09 02:01:33 - Root server received query: google.com.Home, type: 28
2024-12-09 02:01:33 - TLD Home not found in root DNS database. Returning NXDOMAIN.
2024-12-09 02:01:33 - Root server received query: google.com, type: 1
2024-12-09 02:01:33 - Second server received query: google.com, type: 1
5351
2024-12-09 02:01:33 - Third server received query: google.com, type: 1
2024-12-09 02:01:33 - Forwarded response back to ('127.0.0.1', 54505)
2024-12-09 02:01:33 - Root server received query: google.com, type: 28
2024-12-09 02:01:33 - Second server received query: google.com, type: 28
351
2024-12-09 02:01:33 - Third server received query: google.com, type: 28
2024-12-09 02:01:33 - Forwarded response back to ('127.0.0.1', 54508)
2024-12-09 02:02:21 - Root server received query: 1.0.0.127.in-addr.arpa, type: 12
2024-12-09 02:02:21 - TLD arpa not found in root DNS database. Returning NXDOMAIN.
2024-12-09 02:02:21 - Root server received query: google.com.Home, type: 15
2024-12-09 02:02:21 - TLD Home not found in root DNS database. Returning NXDOMAIN.
2024-12-09 02:02:21 - Root server received query: google.com, type: 15
2024-12-09 02:02:21 - Forwarding query to second-level server: 127.0.0.1:5351
2024-12-09 02:02:21 - Second server received query: google.com, type: 15
2024-12-09 02:02:21 - Third server received query: google.com, type: 15
2024-12-09 02:02:21 - Forwarded response back to ('127.0.0.1', 54446)
2024-12-09 02:02:44 - Root server received query: 1.0.0.127.in-addr.arpa, type: 12
2024-12-09 02:02:44 - TLD arpa not found in root DNS database. Returning NXDOMAIN.
2024-12-09 02:02:44 - Root server received query: google.com.Home, type: 2
2024-12-09 02:02:44 - TLD Home not found in root DNS database. Returning NXDOMAIN.
2024-12-09 02:02:44 - Root server received query: google.com, type: 2
2024-12-09 02:02:44 - Forwarding query to second-level server: 127.0.0.1:5351
2024-12-09 02:02:44 - Second server received query: google.com, type: 2
2024-12-09 02:02:44 - Third server received query: google.com, type: 2
2024-12-09 02:02:44 - Forwarded response back to ('127.0.0.1', 65528)
2024-12-09 02:05:21 - Root DNS server started on 127.0.0.1:53
2024-12-09 02:05:30 - Second-level DNS server started on 127.0.0.1:5351
2024-12-09 02:05:47 - Third-level DNS server started on 127.0.0.1:5355
2024-12-09 02:05:56 - Root server received query: 1.0.0.127.in-addr.arpa, type: 12
2024-12-09 02:05:56 - TLD arpa not found in root DNS database. Returning NXDOMAIN.
2024-12-09 02:05:56 - Root server received query: google.com.Home, type: 2
2024-12-09 02:05:56 - TLD Home not found in root DNS database. Returning NXDOMAIN.
2024-12-09 02:05:56 - Root server received query: google.com, type: 2
2024-12-09 02:05:56 - Forwarding query to second-level server: 127.0.0.1:5351
2024-12-09 02:05:56 - Second server received query: google.com, type: 2
2024-12-09 02:05:56 - Third server received query: google.com, type: 2
2024-12-09 02:05:56 - Forwarded response back to ('127.0.0.1', 54537)
